生成启动时间为 2013/6/5 21:27:39。
     1>项目“E:\Projects\FastAI\build\win\FastAI\FastAITool\FastAITool.vcxproj”在节点 2 上(Rebuild 个目标)。
     1>ClCompile:
         C:\Program Files (x86)\Microsoft Visual Studio 11.0\VC\bin\CL.exe /c /Zi /nologo /W3 /WX- /O2 /Oi /Oy- /GL /D _MBCS /Gm- /EHsc /MD /GS /Gy /fp:precise /Zc:wchar_t /Zc:forScope /Fo"Release\\" /Fd"Release\vc110.pdb" /Gd /TP /analyze- /errorReport:prompt ..\..\..\..\source\Tool\FastAITool.cpp
         FastAITool.cpp
     1>E:\Projects\Boost Library\boost_1_53_0\boost/archive/tmpdir.hpp(35): warning C4996: 'getenv': This function or variable may be unsafe. Consider using _dupenv_s instead. To disable deprecation, use _CRT_SECURE_NO_WARNINGS. See online help for details.
                 C:\Program Files (x86)\Microsoft Visual Studio 11.0\VC\include\stdlib.h(449) : 参见“getenv”的声明
     1>E:\Projects\Boost Library\boost_1_53_0\boost/archive/tmpdir.hpp(37): warning C4996: 'getenv': This function or variable may be unsafe. Consider using _dupenv_s instead. To disable deprecation, use _CRT_SECURE_NO_WARNINGS. See online help for details.
                 C:\Program Files (x86)\Microsoft Visual Studio 11.0\VC\include\stdlib.h(449) : 参见“getenv”的声明
     1>E:\Projects\Boost Library\boost_1_53_0\boost/archive/tmpdir.hpp(39): warning C4996: 'getenv': This function or variable may be unsafe. Consider using _dupenv_s instead. To disable deprecation, use _CRT_SECURE_NO_WARNINGS. See online help for details.
                 C:\Program Files (x86)\Microsoft Visual Studio 11.0\VC\include\stdlib.h(449) : 参见“getenv”的声明
     1>..\..\..\..\source\Tool\FastAITool.cpp(21): warning C4101: “e”: 未引用的局部变量
     1>..\..\..\..\source\Tool\FastAITool.cpp(98): warning C4101: “e”: 未引用的局部变量
     1>..\..\..\..\source\Tool\FastAITool.cpp(132): warning C4101: “e”: 未引用的局部变量
       Link:
         C:\Program Files (x86)\Microsoft Visual Studio 11.0\VC\bin\link.exe /ERRORREPORT:PROMPT /OUT:"E:\Projects\FastAI\build\win\FastAI\..\..\..\bin\Release\FastAITool.exe" /NOLOGO ..\..\..\..\lib\Release\FastAI.lib kernel32.lib user32.lib gdi32.lib winspool.lib comdlg32.lib advapi32.lib shell32.lib ole32.lib oleaut32.lib uuid.lib odbc32.lib odbccp32.lib kernel32.lib user32.lib gdi32.lib winspool.lib comdlg32.lib advapi32.lib shell32.lib ole32.lib oleaut32.lib uuid.lib odbc32.lib odbccp32.lib /MANIFEST /MANIFESTUAC:"level='asInvoker' uiAccess='false'" /manifest:embed /DEBUG /PDB:"E:\Projects\FastAI\build\win\FastAI\..\..\..\bin\Release\FastAITool.pdb" /OPT:REF /OPT:ICF /LTCG /TLBID:1 /DYNAMICBASE /NXCOMPAT /IMPLIB:"E:\Projects\FastAI\build\win\FastAI\..\..\..\bin\Release\FastAITool.lib" /MACHINE:X86 /SAFESEH Release\FastAITool.obj
            正在创建库 E:\Projects\FastAI\build\win\FastAI\..\..\..\bin\Release\FastAITool.lib 和对象 E:\Projects\FastAI\build\win\FastAI\..\..\..\bin\Release\FastAITool.exp
         正在生成代码
         已完成代码的生成
         FastAITool.vcxproj -> E:\Projects\FastAI\build\win\FastAI\..\..\..\bin\Release\FastAITool.exe
     1>已完成生成项目“E:\Projects\FastAI\build\win\FastAI\FastAITool\FastAITool.vcxproj”(Rebuild 个目标)的操作。

生成成功。

已用时间 00:00:09.78
