E:\PROJECTS\FASTAI\BUILD\WIN\FASTAI\FASTAITOOL\RELEASE\FASTAITOOL.OBJ
E:\PROJECTS\FASTAI\BUILD\WIN\FASTAI\FASTAITOOL\RELEASE\VC110.PDB
E:\Projects\FastAI\bin\Release\FastAITool.lib
E:\Projects\FastAI\bin\Release\FastAITool.exp
E:\PROJECTS\FASTAI\BIN\RELEASE\FASTAITOOL.EXE
E:\PROJECTS\FASTAI\BIN\RELEASE\FASTAITOOL.PDB
E:\Projects\FastAI\build\win\FastAI\FastAITool\Release\FastAITool.obj
E:\Projects\FastAI\build\win\FastAI\FastAITool\Release\cl.command.1.tlog
E:\Projects\FastAI\build\win\FastAI\FastAITool\Release\CL.read.1.tlog
E:\Projects\FastAI\build\win\FastAI\FastAITool\Release\CL.write.1.tlog
E:\Projects\FastAI\build\win\FastAI\FastAITool\Release\FastAITool.write.1.tlog
E:\Projects\FastAI\build\win\FastAI\FastAITool\Release\link-cvtres.read.1.tlog
E:\Projects\FastAI\build\win\FastAI\FastAITool\Release\link-cvtres.write.1.tlog
E:\Projects\FastAI\build\win\FastAI\FastAITool\Release\link-rc.read.1.tlog
E:\Projects\FastAI\build\win\FastAI\FastAITool\Release\link-rc.write.1.tlog
E:\Projects\FastAI\build\win\FastAI\FastAITool\Release\link.command.1.tlog
E:\Projects\FastAI\build\win\FastAI\FastAITool\Release\link.read.1.tlog
E:\Projects\FastAI\build\win\FastAI\FastAITool\Release\link.write.1.tlog
E:\Projects\FastAI\build\win\FastAI\FastAITool\Release\vc110.pdb
E:\Projects\FastAI\build\win\FastAI\..\..\..\bin\Release\FastAITool.pdb
E:\Projects\FastAI\build\win\FastAI\..\..\..\bin\Release\FastAITool.exe
