E:\PROJECTS\FASTAI\BUILD\WIN\FASTAI\FASTAI\RELEASE\UTIL.OBJ
E:\PROJECTS\FASTAI\BUILD\WIN\FASTAI\FASTAI\RELEASE\MATRIX.OBJ
E:\PROJECTS\FASTAI\BUILD\WIN\FASTAI\FASTAI\RELEASE\HYBRID.OBJ
E:\PROJECTS\FASTAI\BUILD\WIN\FASTAI\FASTAI\RELEASE\GA.OBJ
E:\PROJECTS\FASTAI\BUILD\WIN\FASTAI\FASTAI\RELEASE\RBFNEURALNETWORK.OBJ
E:\PROJECTS\FASTAI\BUILD\WIN\FASTAI\FASTAI\RELEASE\DATASET.OBJ
E:\PROJECTS\FASTAI\BUILD\WIN\FASTAI\FASTAI\RELEASE\BPNEURALNETWORK.OBJ
E:\PROJECTS\FASTAI\BUILD\WIN\FASTAI\FASTAI\RELEASE\ANN.OBJ
E:\PROJECTS\FASTAI\BUILD\WIN\FASTAI\FASTAI\RELEASE\VC110.PDB
E:\PROJECTS\FASTAI\LIB\RELEASE\FASTAI.LIB
E:\Projects\FastAI\build\win\FastAI\FastAI\Release\ANN.obj
E:\Projects\FastAI\build\win\FastAI\FastAI\Release\BPNeuralNetwork.obj
E:\Projects\FastAI\build\win\FastAI\FastAI\Release\DataSet.obj
E:\Projects\FastAI\build\win\FastAI\FastAI\Release\GA.obj
E:\Projects\FastAI\build\win\FastAI\FastAI\Release\hybrid.obj
E:\Projects\FastAI\build\win\FastAI\FastAI\Release\Matrix.obj
E:\Projects\FastAI\build\win\FastAI\FastAI\Release\RBFNeuralNetwork.obj
E:\Projects\FastAI\build\win\FastAI\FastAI\Release\Util.obj
E:\Projects\FastAI\build\win\FastAI\FastAI\Release\cl.command.1.tlog
E:\Projects\FastAI\build\win\FastAI\FastAI\Release\CL.read.1.tlog
E:\Projects\FastAI\build\win\FastAI\FastAI\Release\CL.write.1.tlog
E:\Projects\FastAI\build\win\FastAI\FastAI\Release\Lib-link.read.1.tlog
E:\Projects\FastAI\build\win\FastAI\FastAI\Release\Lib-link.write.1.tlog
E:\Projects\FastAI\build\win\FastAI\FastAI\Release\lib.command.1.tlog
E:\Projects\FastAI\build\win\FastAI\FastAI\Release\vc110.pdb
E:\Projects\FastAI\build\win\FastAI\..\..\..\lib\Release\FastAI.lib
